<?xml version="1.0" encoding="UTF-8"?>
<robot generator="Robot 6.1.1 (Python 3.10.2 on win32)" generated="20241021 02:50:33.621" rpa="false" schemaversion="4">
<suite id="s1" name="PostRequest" source="c:\Users\thitt804\Desktop\pratice\request liabrary\PostRequest.robot">
<test id="s1-t1" name="Register User Login Unsuccessful" line="55">
<kw name="Create Session" library="RequestsLibrary">
<arg>session2</arg>
<arg>${base_url}</arg>
<arg>disable_warnings=True</arg>
<doc>Create Session: create a HTTP session to a server</doc>
<msg timestamp="20241021 02:50:34.062" level="INFO">Creating Session using : alias=session2, url=https://reqres.in/, headers={},                     cookies={}, auth=None, timeout=None, proxies=None, verify=False,                     debug=0 </msg>
<status status="PASS" starttime="20241021 02:50:34.060" endtime="20241021 02:50:34.065"/>
</kw>
<kw name="Create Dictionary" library="BuiltIn">
<var>${body}</var>
<arg>email=peter@klaven</arg>
<arg>password=</arg>
<doc>Creates and returns a dictionary based on the given ``items``.</doc>
<msg timestamp="20241021 02:50:34.067" level="INFO">${body} = {'email': 'peter@klaven', 'password': ''}</msg>
<status status="PASS" starttime="20241021 02:50:34.066" endtime="20241021 02:50:34.067"/>
</kw>
<kw name="Run Keyword And Ignore Error" library="BuiltIn">
<var>${result}</var>
<arg>POST On Session</arg>
<arg>session2</arg>
<arg>${endpoint_login}</arg>
<doc>Runs the given keyword with the given arguments and ignores possible error.</doc>
<kw name="POST On Session" library="RequestsLibrary">
<arg>session2</arg>
<arg>${endpoint_login}</arg>
<doc>Sends a POST request on a previously created HTTP Session.</doc>
<msg timestamp="20241021 02:50:34.666" level="INFO">POST Request : url=https://reqres.in/api/login 
 path_url=/api/login 
 headers={'User-Agent': 'python-requests/2.28.2', 'Accept-Encoding': 'gzip, deflate', 'Accept': '*/*', 'Connection': 'keep-alive', 'Content-Length': '0'} 
 body=None 
 </msg>
<msg timestamp="20241021 02:50:34.666" level="INFO">POST Response : url=https://reqres.in/api/login 
 status=400, reason=Bad Request 
 headers={'Date': 'Sun, 20 Oct 2024 19:50:32 GMT', 'Content-Type': 'application/json; charset=utf-8', 'Content-Length': '37', 'Connection': 'keep-alive', 'Report-To': '{"group":"heroku-nel","max_age":3600,"endpoints":[{"url":"https://nel.heroku.com/reports?ts=1729453832&amp;sid=c4c9725f-1ab0-44d8-820f-430df2718e11&amp;s=lbu8BelMAU51LBuPaTi2fS9zCcbecwSamzF3028Fis4%3D"}]}', 'Reporting-Endpoints': 'heroku-nel=https://nel.heroku.com/reports?ts=1729453832&amp;sid=c4c9725f-1ab0-44d8-820f-430df2718e11&amp;s=lbu8BelMAU51LBuPaTi2fS9zCcbecwSamzF3028Fis4%3D', 'Nel': '{"report_to":"heroku-nel","max_age":3600,"success_fraction":0.005,"failure_fraction":0.05,"response_headers":["Via"]}', 'X-Powered-By': 'Express', 'Access-Control-Allow-Origin': '*', 'Etag': 'W/"25-Ik70kof1lbc973ShN5FoVPxYn7A"', 'Via': '1.1 vegur', 'cf-cache-status': 'DYNAMIC', 'Server': 'cloudflare', 'CF-RAY': '8d5b8992ad9545be-BKK'} 
 body={"error":"Missing email or username"} 
 </msg>
<msg timestamp="20241021 02:50:34.666" level="FAIL">HTTPError: 400 Client Error: Bad Request for url: https://reqres.in/api/login</msg>
<status status="FAIL" starttime="20241021 02:50:34.068" endtime="20241021 02:50:34.666"/>
</kw>
<msg timestamp="20241021 02:50:34.666" level="INFO">${result} = ('FAIL', 'HTTPError: 400 Client Error: Bad Request for url: https://reqres.in/api/login')</msg>
<status status="PASS" starttime="20241021 02:50:34.067" endtime="20241021 02:50:34.666"/>
</kw>
<kw name="Log To Console" library="BuiltIn">
<arg>${result}</arg>
<doc>Logs the given message to the console.</doc>
<status status="PASS" starttime="20241021 02:50:34.666" endtime="20241021 02:50:34.666"/>
</kw>
<kw name="Should Be Equal As Strings" library="BuiltIn">
<arg>${result}[0]</arg>
<arg>FAIL</arg>
<doc>Fails if objects are unequal after converting them to strings.</doc>
<status status="PASS" starttime="20241021 02:50:34.666" endtime="20241021 02:50:34.666"/>
</kw>
<kw name="Set Variable" library="BuiltIn">
<var>${response}</var>
<arg>${result}[1]</arg>
<doc>Returns the given values which can then be assigned to a variables.</doc>
<msg timestamp="20241021 02:50:34.666" level="INFO">${response} = HTTPError: 400 Client Error: Bad Request for url: https://reqres.in/api/login</msg>
<status status="PASS" starttime="20241021 02:50:34.666" endtime="20241021 02:50:34.666"/>
</kw>
<kw name="Log To Console" library="BuiltIn">
<arg>${response}</arg>
<doc>Logs the given message to the console.</doc>
<status status="PASS" starttime="20241021 02:50:34.680" endtime="20241021 02:50:34.681"/>
</kw>
<status status="PASS" starttime="20241021 02:50:34.060" endtime="20241021 02:50:34.682"/>
</test>
<doc>Robot Framework API Testing with POST Request</doc>
<status status="PASS" starttime="20241021 02:50:33.680" endtime="20241021 02:50:34.685"/>
</suite>
<statistics>
<total>
<stat pass="1" fail="0" skip="0">All Tests</stat>
</total>
<tag>
</tag>
<suite>
<stat pass="1" fail="0" skip="0" id="s1" name="PostRequest">PostRequest</stat>
</suite>
</statistics>
<errors>
</errors>
</robot>
